==15926== Helgrind, a thread error detector
==15926== Copyright (C) 2007-2017, and GNU GPL'd, by OpenWorks LLP et al.
==15926== Using Valgrind-3.15.0 and LibVEX; rerun with -h for copyright info
==15926== Command: ./philo 4 310 200 100
==15926== Parent PID: 3062
==15926== 
==15926== ---Thread-Announcement------------------------------------------
==15926== 
==15926== Thread #3 was created
==15926==    at 0x499C342: clone (clone.S:71)
==15926==    by 0x48612EB: create_thread (createthread.c:101)
==15926==    by 0x4862E0F: pthread_create@@GLIBC_2.2.5 (pthread_create.c:817)
==15926==    by 0x4842917: ??? (in /usr/lib/x86_64-linux-gnu/valgrind/vgpreload_helgrind-amd64-linux.so)
==15926==    by 0x10A155: start_dinner (main.c:347)
==15926==    by 0x10A255: main (main.c:366)
==15926== 
==15926== ---Thread-Announcement------------------------------------------
==15926== 
==15926== Thread #2 was created
==15926==    at 0x499C342: clone (clone.S:71)
==15926==    by 0x48612EB: create_thread (createthread.c:101)
==15926==    by 0x4862E0F: pthread_create@@GLIBC_2.2.5 (pthread_create.c:817)
==15926==    by 0x4842917: ??? (in /usr/lib/x86_64-linux-gnu/valgrind/vgpreload_helgrind-amd64-linux.so)
==15926==    by 0x10A155: start_dinner (main.c:347)
==15926==    by 0x10A255: main (main.c:366)
==15926== 
==15926== ----------------------------------------------------------------
==15926== 
==15926==  Lock at 0x4A72170 was first observed
==15926==    at 0x483FEDF: ??? (in /usr/lib/x86_64-linux-gnu/valgrind/vgpreload_helgrind-amd64-linux.so)
==15926==    by 0x109EC4: philo_life (main.c:281)
==15926==    by 0x4842B1A: ??? (in /usr/lib/x86_64-linux-gnu/valgrind/vgpreload_helgrind-amd64-linux.so)
==15926==    by 0x4862608: start_thread (pthread_create.c:477)
==15926==    by 0x499C352: clone (clone.S:95)
==15926==  Address 0x4a72170 is 0 bytes inside a block of size 160 alloc'd
==15926==    at 0x483C893: malloc (in /usr/lib/x86_64-linux-gnu/valgrind/vgpreload_helgrind-amd64-linux.so)
==15926==    by 0x1098EA: data_init (main.c:183)
==15926==    by 0x10A249: main (main.c:365)
==15926==  Block was alloc'd by thread #1
==15926== 
==15926==  Lock at 0x4A72198 was first observed
==15926==    at 0x483FEDF: ??? (in /usr/lib/x86_64-linux-gnu/valgrind/vgpreload_helgrind-amd64-linux.so)
==15926==    by 0x109ED4: philo_life (main.c:282)
==15926==    by 0x4842B1A: ??? (in /usr/lib/x86_64-linux-gnu/valgrind/vgpreload_helgrind-amd64-linux.so)
==15926==    by 0x4862608: start_thread (pthread_create.c:477)
==15926==    by 0x499C352: clone (clone.S:95)
==15926==  Address 0x4a72198 is 40 bytes inside a block of size 160 alloc'd
==15926==    at 0x483C893: malloc (in /usr/lib/x86_64-linux-gnu/valgrind/vgpreload_helgrind-amd64-linux.so)
==15926==    by 0x1098EA: data_init (main.c:183)
==15926==    by 0x10A249: main (main.c:365)
==15926==  Block was alloc'd by thread #1
==15926== 
==15926== Possible data race during write of size 1 at 0x4A724D9 by thread #3
==15926== Locks held: none
==15926==    at 0x48488A6: mempcpy (in /usr/lib/x86_64-linux-gnu/valgrind/vgpreload_helgrind-amd64-linux.so)
==15926==    by 0x490C631: _IO_new_file_xsputn (fileops.c:1236)
==15926==    by 0x490C631: _IO_file_xsputn@@GLIBC_2.2.5 (fileops.c:1197)
==15926==    by 0x49014F7: puts (ioputs.c:40)
==15926==    by 0x10985E: ft_usleep (main.c:170)
==15926==    by 0x109EB4: philo_life (main.c:274)
==15926==    by 0x4842B1A: ??? (in /usr/lib/x86_64-linux-gnu/valgrind/vgpreload_helgrind-amd64-linux.so)
==15926==    by 0x4862608: start_thread (pthread_create.c:477)
==15926==    by 0x499C352: clone (clone.S:95)
==15926== 
==15926== This conflicts with a previous write of size 1 by thread #2
==15926== Locks held: 2, at addresses 0x4A72170 0x4A72198
==15926==    at 0x48488A6: mempcpy (in /usr/lib/x86_64-linux-gnu/valgrind/vgpreload_helgrind-amd64-linux.so)
==15926==    by 0x490C631: _IO_new_file_xsputn (fileops.c:1236)
==15926==    by 0x490C631: _IO_file_xsputn@@GLIBC_2.2.5 (fileops.c:1197)
==15926==    by 0x49014F7: puts (ioputs.c:40)
==15926==    by 0x10985E: ft_usleep (main.c:170)
==15926==    by 0x109E3A: eat (main.c:254)
==15926==    by 0x109F02: philo_life (main.c:285)
==15926==    by 0x4842B1A: ??? (in /usr/lib/x86_64-linux-gnu/valgrind/vgpreload_helgrind-amd64-linux.so)
==15926==    by 0x4862608: start_thread (pthread_create.c:477)
==15926==  Address 0x4a724d9 is 25 bytes inside a block of size 1,024 alloc'd
==15926==    at 0x483C893: malloc (in /usr/lib/x86_64-linux-gnu/valgrind/vgpreload_helgrind-amd64-linux.so)
==15926==    by 0x48FED03: _IO_file_doallocate (filedoalloc.c:101)
==15926==    by 0x490EECF: _IO_doallocbuf (genops.c:347)
==15926==    by 0x490DF2F: _IO_file_overflow@@GLIBC_2.2.5 (fileops.c:745)
==15926==    by 0x490C6B4: _IO_new_file_xsputn (fileops.c:1244)
==15926==    by 0x490C6B4: _IO_file_xsputn@@GLIBC_2.2.5 (fileops.c:1197)
==15926==    by 0x48F5114: __vfprintf_internal (vfprintf-internal.c:1687)
==15926==    by 0x48DED3E: printf (printf.c:33)
==15926==    by 0x109C65: print_state (main.c:229)
==15926==    by 0x109EE5: philo_life (main.c:283)
==15926==    by 0x4842B1A: ??? (in /usr/lib/x86_64-linux-gnu/valgrind/vgpreload_helgrind-amd64-linux.so)
==15926==    by 0x4862608: start_thread (pthread_create.c:477)
==15926==    by 0x499C352: clone (clone.S:95)
==15926==  Block was alloc'd by thread #2
==15926== 
==15926== ---Thread-Announcement------------------------------------------
==15926== 
==15926== Thread #4 was created
==15926==    at 0x499C342: clone (clone.S:71)
==15926==    by 0x48612EB: create_thread (createthread.c:101)
==15926==    by 0x4862E0F: pthread_create@@GLIBC_2.2.5 (pthread_create.c:817)
==15926==    by 0x4842917: ??? (in /usr/lib/x86_64-linux-gnu/valgrind/vgpreload_helgrind-amd64-linux.so)
==15926==    by 0x10A155: start_dinner (main.c:347)
==15926==    by 0x10A255: main (main.c:366)
==15926== 
==15926== ---Thread-Announcement------------------------------------------
==15926== 
==15926== Thread #5 was created
==15926==    at 0x499C342: clone (clone.S:71)
==15926==    by 0x48612EB: create_thread (createthread.c:101)
==15926==    by 0x4862E0F: pthread_create@@GLIBC_2.2.5 (pthread_create.c:817)
==15926==    by 0x4842917: ??? (in /usr/lib/x86_64-linux-gnu/valgrind/vgpreload_helgrind-amd64-linux.so)
==15926==    by 0x10A155: start_dinner (main.c:347)
==15926==    by 0x10A255: main (main.c:366)
==15926== 
==15926== ----------------------------------------------------------------
==15926== 
==15926==  Lock at 0x4A720F8 was first observed
==15926==    at 0x4843D9D: pthread_mutex_init (in /usr/lib/x86_64-linux-gnu/valgrind/vgpreload_helgrind-amd64-linux.so)
==15926==    by 0x1099B0: data_init (main.c:192)
==15926==    by 0x10A249: main (main.c:365)
==15926==  Address 0x4a720f8 is 184 bytes inside a block of size 232 alloc'd
==15926==    at 0x483C893: malloc (in /usr/lib/x86_64-linux-gnu/valgrind/vgpreload_helgrind-amd64-linux.so)
==15926==    by 0x10A1EA: main (main.c:359)
==15926==  Block was alloc'd by thread #1
==15926== 
==15926==  Lock at 0x4A721C0 was first observed
==15926==    at 0x483FEDF: ??? (in /usr/lib/x86_64-linux-gnu/valgrind/vgpreload_helgrind-amd64-linux.so)
==15926==    by 0x109EC4: philo_life (main.c:281)
==15926==    by 0x4842B1A: ??? (in /usr/lib/x86_64-linux-gnu/valgrind/vgpreload_helgrind-amd64-linux.so)
==15926==    by 0x4862608: start_thread (pthread_create.c:477)
==15926==    by 0x499C352: clone (clone.S:95)
==15926==  Address 0x4a721c0 is 80 bytes inside a block of size 160 alloc'd
==15926==    at 0x483C893: malloc (in /usr/lib/x86_64-linux-gnu/valgrind/vgpreload_helgrind-amd64-linux.so)
==15926==    by 0x1098EA: data_init (main.c:183)
==15926==    by 0x10A249: main (main.c:365)
==15926==  Block was alloc'd by thread #1
==15926== 
==15926==  Lock at 0x4A721E8 was first observed
==15926==    at 0x483FEDF: ??? (in /usr/lib/x86_64-linux-gnu/valgrind/vgpreload_helgrind-amd64-linux.so)
==15926==    by 0x109ED4: philo_life (main.c:282)
==15926==    by 0x4842B1A: ??? (in /usr/lib/x86_64-linux-gnu/valgrind/vgpreload_helgrind-amd64-linux.so)
==15926==    by 0x4862608: start_thread (pthread_create.c:477)
==15926==    by 0x499C352: clone (clone.S:95)
==15926==  Address 0x4a721e8 is 120 bytes inside a block of size 160 alloc'd
==15926==    at 0x483C893: malloc (in /usr/lib/x86_64-linux-gnu/valgrind/vgpreload_helgrind-amd64-linux.so)
==15926==    by 0x1098EA: data_init (main.c:183)
==15926==    by 0x10A249: main (main.c:365)
==15926==  Block was alloc'd by thread #1
==15926== 
==15926== Possible data race during write of size 1 at 0x4A724C0 by thread #4
==15926== Locks held: 3, at addresses 0x4A720F8 0x4A721C0 0x4A721E8
==15926==    at 0x48488CC: mempcpy (in /usr/lib/x86_64-linux-gnu/valgrind/vgpreload_helgrind-amd64-linux.so)
==15926==    by 0x490C631: _IO_new_file_xsputn (fileops.c:1236)
==15926==    by 0x490C631: _IO_file_xsputn@@GLIBC_2.2.5 (fileops.c:1197)
==15926==    by 0x48F5114: __vfprintf_internal (vfprintf-internal.c:1687)
==15926==    by 0x48DED3E: printf (printf.c:33)
==15926==    by 0x109C65: print_state (main.c:229)
==15926==    by 0x109EE5: philo_life (main.c:283)
==15926==    by 0x4842B1A: ??? (in /usr/lib/x86_64-linux-gnu/valgrind/vgpreload_helgrind-amd64-linux.so)
==15926==    by 0x4862608: start_thread (pthread_create.c:477)
==15926==    by 0x499C352: clone (clone.S:95)
==15926== 
==15926== This conflicts with a previous write of size 1 by thread #5
==15926== Locks held: none
==15926==    at 0x48488A6: mempcpy (in /usr/lib/x86_64-linux-gnu/valgrind/vgpreload_helgrind-amd64-linux.so)
==15926==    by 0x490C631: _IO_new_file_xsputn (fileops.c:1236)
==15926==    by 0x490C631: _IO_file_xsputn@@GLIBC_2.2.5 (fileops.c:1197)
==15926==    by 0x49014F7: puts (ioputs.c:40)
==15926==    by 0x10985E: ft_usleep (main.c:170)
==15926==    by 0x109EB4: philo_life (main.c:274)
==15926==    by 0x4842B1A: ??? (in /usr/lib/x86_64-linux-gnu/valgrind/vgpreload_helgrind-amd64-linux.so)
==15926==    by 0x4862608: start_thread (pthread_create.c:477)
==15926==    by 0x499C352: clone (clone.S:95)
==15926==  Address 0x4a724c0 is 0 bytes inside a block of size 1,024 alloc'd
==15926==    at 0x483C893: malloc (in /usr/lib/x86_64-linux-gnu/valgrind/vgpreload_helgrind-amd64-linux.so)
==15926==    by 0x48FED03: _IO_file_doallocate (filedoalloc.c:101)
==15926==    by 0x490EECF: _IO_doallocbuf (genops.c:347)
==15926==    by 0x490DF2F: _IO_file_overflow@@GLIBC_2.2.5 (fileops.c:745)
==15926==    by 0x490C6B4: _IO_new_file_xsputn (fileops.c:1244)
==15926==    by 0x490C6B4: _IO_file_xsputn@@GLIBC_2.2.5 (fileops.c:1197)
==15926==    by 0x48F5114: __vfprintf_internal (vfprintf-internal.c:1687)
==15926==    by 0x48DED3E: printf (printf.c:33)
==15926==    by 0x109C65: print_state (main.c:229)
==15926==    by 0x109EE5: philo_life (main.c:283)
==15926==    by 0x4842B1A: ??? (in /usr/lib/x86_64-linux-gnu/valgrind/vgpreload_helgrind-amd64-linux.so)
==15926==    by 0x4862608: start_thread (pthread_create.c:477)
==15926==    by 0x499C352: clone (clone.S:95)
==15926==  Block was alloc'd by thread #2
==15926== 
==15926== ----------------------------------------------------------------
==15926== 
==15926==  Lock at 0x4A720F8 was first observed
==15926==    at 0x4843D9D: pthread_mutex_init (in /usr/lib/x86_64-linux-gnu/valgrind/vgpreload_helgrind-amd64-linux.so)
==15926==    by 0x1099B0: data_init (main.c:192)
==15926==    by 0x10A249: main (main.c:365)
==15926==  Address 0x4a720f8 is 184 bytes inside a block of size 232 alloc'd
==15926==    at 0x483C893: malloc (in /usr/lib/x86_64-linux-gnu/valgrind/vgpreload_helgrind-amd64-linux.so)
==15926==    by 0x10A1EA: main (main.c:359)
==15926==  Block was alloc'd by thread #1
==15926== 
==15926==  Lock at 0x4A721C0 was first observed
==15926==    at 0x483FEDF: ??? (in /usr/lib/x86_64-linux-gnu/valgrind/vgpreload_helgrind-amd64-linux.so)
==15926==    by 0x109EC4: philo_life (main.c:281)
==15926==    by 0x4842B1A: ??? (in /usr/lib/x86_64-linux-gnu/valgrind/vgpreload_helgrind-amd64-linux.so)
==15926==    by 0x4862608: start_thread (pthread_create.c:477)
==15926==    by 0x499C352: clone (clone.S:95)
==15926==  Address 0x4a721c0 is 80 bytes inside a block of size 160 alloc'd
==15926==    at 0x483C893: malloc (in /usr/lib/x86_64-linux-gnu/valgrind/vgpreload_helgrind-amd64-linux.so)
==15926==    by 0x1098EA: data_init (main.c:183)
==15926==    by 0x10A249: main (main.c:365)
==15926==  Block was alloc'd by thread #1
==15926== 
==15926==  Lock at 0x4A721E8 was first observed
==15926==    at 0x483FEDF: ??? (in /usr/lib/x86_64-linux-gnu/valgrind/vgpreload_helgrind-amd64-linux.so)
==15926==    by 0x109ED4: philo_life (main.c:282)
==15926==    by 0x4842B1A: ??? (in /usr/lib/x86_64-linux-gnu/valgrind/vgpreload_helgrind-amd64-linux.so)
==15926==    by 0x4862608: start_thread (pthread_create.c:477)
==15926==    by 0x499C352: clone (clone.S:95)
==15926==  Address 0x4a721e8 is 120 bytes inside a block of size 160 alloc'd
==15926==    at 0x483C893: malloc (in /usr/lib/x86_64-linux-gnu/valgrind/vgpreload_helgrind-amd64-linux.so)
==15926==    by 0x1098EA: data_init (main.c:183)
==15926==    by 0x10A249: main (main.c:365)
==15926==  Block was alloc'd by thread #1
==15926== 
==15926== Possible data race during write of size 1 at 0x4A724C5 by thread #4
==15926== Locks held: 3, at addresses 0x4A720F8 0x4A721C0 0x4A721E8
==15926==    at 0x48488A6: mempcpy (in /usr/lib/x86_64-linux-gnu/valgrind/vgpreload_helgrind-amd64-linux.so)
==15926==    by 0x490C631: _IO_new_file_xsputn (fileops.c:1236)
==15926==    by 0x490C631: _IO_file_xsputn@@GLIBC_2.2.5 (fileops.c:1197)
==15926==    by 0x4900C32: _IO_padn (iopadn.c:64)
==15926==    by 0x48F5171: __vfprintf_internal (vfprintf-internal.c:1687)
==15926==    by 0x48DED3E: printf (printf.c:33)
==15926==    by 0x109C65: print_state (main.c:229)
==15926==    by 0x109EE5: philo_life (main.c:283)
==15926==    by 0x4842B1A: ??? (in /usr/lib/x86_64-linux-gnu/valgrind/vgpreload_helgrind-amd64-linux.so)
==15926==    by 0x4862608: start_thread (pthread_create.c:477)
==15926==    by 0x499C352: clone (clone.S:95)
==15926== 
==15926== This conflicts with a previous write of size 1 by thread #5
==15926== Locks held: none
==15926==    at 0x48488A6: mempcpy (in /usr/lib/x86_64-linux-gnu/valgrind/vgpreload_helgrind-amd64-linux.so)
==15926==    by 0x490C631: _IO_new_file_xsputn (fileops.c:1236)
==15926==    by 0x490C631: _IO_file_xsputn@@GLIBC_2.2.5 (fileops.c:1197)
==15926==    by 0x49014F7: puts (ioputs.c:40)
==15926==    by 0x10985E: ft_usleep (main.c:170)
==15926==    by 0x109EB4: philo_life (main.c:274)
==15926==    by 0x4842B1A: ??? (in /usr/lib/x86_64-linux-gnu/valgrind/vgpreload_helgrind-amd64-linux.so)
==15926==    by 0x4862608: start_thread (pthread_create.c:477)
==15926==    by 0x499C352: clone (clone.S:95)
==15926==  Address 0x4a724c5 is 5 bytes inside a block of size 1,024 alloc'd
==15926==    at 0x483C893: malloc (in /usr/lib/x86_64-linux-gnu/valgrind/vgpreload_helgrind-amd64-linux.so)
==15926==    by 0x48FED03: _IO_file_doallocate (filedoalloc.c:101)
==15926==    by 0x490EECF: _IO_doallocbuf (genops.c:347)
==15926==    by 0x490DF2F: _IO_file_overflow@@GLIBC_2.2.5 (fileops.c:745)
==15926==    by 0x490C6B4: _IO_new_file_xsputn (fileops.c:1244)
==15926==    by 0x490C6B4: _IO_file_xsputn@@GLIBC_2.2.5 (fileops.c:1197)
==15926==    by 0x48F5114: __vfprintf_internal (vfprintf-internal.c:1687)
==15926==    by 0x48DED3E: printf (printf.c:33)
==15926==    by 0x109C65: print_state (main.c:229)
==15926==    by 0x109EE5: philo_life (main.c:283)
==15926==    by 0x4842B1A: ??? (in /usr/lib/x86_64-linux-gnu/valgrind/vgpreload_helgrind-amd64-linux.so)
==15926==    by 0x4862608: start_thread (pthread_create.c:477)
==15926==    by 0x499C352: clone (clone.S:95)
==15926==  Block was alloc'd by thread #2
==15926== 
==15926== ----------------------------------------------------------------
==15926== 
==15926==  Lock at 0x4A720F8 was first observed
==15926==    at 0x4843D9D: pthread_mutex_init (in /usr/lib/x86_64-linux-gnu/valgrind/vgpreload_helgrind-amd64-linux.so)
==15926==    by 0x1099B0: data_init (main.c:192)
==15926==    by 0x10A249: main (main.c:365)
==15926==  Address 0x4a720f8 is 184 bytes inside a block of size 232 alloc'd
==15926==    at 0x483C893: malloc (in /usr/lib/x86_64-linux-gnu/valgrind/vgpreload_helgrind-amd64-linux.so)
==15926==    by 0x10A1EA: main (main.c:359)
==15926==  Block was alloc'd by thread #1
==15926== 
==15926==  Lock at 0x4A721C0 was first observed
==15926==    at 0x483FEDF: ??? (in /usr/lib/x86_64-linux-gnu/valgrind/vgpreload_helgrind-amd64-linux.so)
==15926==    by 0x109EC4: philo_life (main.c:281)
==15926==    by 0x4842B1A: ??? (in /usr/lib/x86_64-linux-gnu/valgrind/vgpreload_helgrind-amd64-linux.so)
==15926==    by 0x4862608: start_thread (pthread_create.c:477)
==15926==    by 0x499C352: clone (clone.S:95)
==15926==  Address 0x4a721c0 is 80 bytes inside a block of size 160 alloc'd
==15926==    at 0x483C893: malloc (in /usr/lib/x86_64-linux-gnu/valgrind/vgpreload_helgrind-amd64-linux.so)
==15926==    by 0x1098EA: data_init (main.c:183)
==15926==    by 0x10A249: main (main.c:365)
==15926==  Block was alloc'd by thread #1
==15926== 
==15926==  Lock at 0x4A721E8 was first observed
==15926==    at 0x483FEDF: ??? (in /usr/lib/x86_64-linux-gnu/valgrind/vgpreload_helgrind-amd64-linux.so)
==15926==    by 0x109ED4: philo_life (main.c:282)
==15926==    by 0x4842B1A: ??? (in /usr/lib/x86_64-linux-gnu/valgrind/vgpreload_helgrind-amd64-linux.so)
==15926==    by 0x4862608: start_thread (pthread_create.c:477)
==15926==    by 0x499C352: clone (clone.S:95)
==15926==  Address 0x4a721e8 is 120 bytes inside a block of size 160 alloc'd
==15926==    at 0x483C893: malloc (in /usr/lib/x86_64-linux-gnu/valgrind/vgpreload_helgrind-amd64-linux.so)
==15926==    by 0x1098EA: data_init (main.c:183)
==15926==    by 0x10A249: main (main.c:365)
==15926==  Block was alloc'd by thread #1
==15926== 
==15926== Possible data race during write of size 1 at 0x4A724C6 by thread #4
==15926== Locks held: 3, at addresses 0x4A720F8 0x4A721C0 0x4A721E8
==15926==    at 0x48488A6: mempcpy (in /usr/lib/x86_64-linux-gnu/valgrind/vgpreload_helgrind-amd64-linux.so)
==15926==    by 0x490C631: _IO_new_file_xsputn (fileops.c:1236)
==15926==    by 0x490C631: _IO_file_xsputn@@GLIBC_2.2.5 (fileops.c:1197)
==15926==    by 0x48F3FE5: __vfprintf_internal (vfprintf-internal.c:1719)
==15926==    by 0x48DED3E: printf (printf.c:33)
==15926==    by 0x109C65: print_state (main.c:229)
==15926==    by 0x109EE5: philo_life (main.c:283)
==15926==    by 0x4842B1A: ??? (in /usr/lib/x86_64-linux-gnu/valgrind/vgpreload_helgrind-amd64-linux.so)
==15926==    by 0x4862608: start_thread (pthread_create.c:477)
==15926==    by 0x499C352: clone (clone.S:95)
==15926== 
==15926== This conflicts with a previous write of size 1 by thread #5
==15926== Locks held: none
==15926==    at 0x48488A6: mempcpy (in /usr/lib/x86_64-linux-gnu/valgrind/vgpreload_helgrind-amd64-linux.so)
==15926==    by 0x490C631: _IO_new_file_xsputn (fileops.c:1236)
==15926==    by 0x490C631: _IO_file_xsputn@@GLIBC_2.2.5 (fileops.c:1197)
==15926==    by 0x49014F7: puts (ioputs.c:40)
==15926==    by 0x10985E: ft_usleep (main.c:170)
==15926==    by 0x109EB4: philo_life (main.c:274)
==15926==    by 0x4842B1A: ??? (in /usr/lib/x86_64-linux-gnu/valgrind/vgpreload_helgrind-amd64-linux.so)
==15926==    by 0x4862608: start_thread (pthread_create.c:477)
==15926==    by 0x499C352: clone (clone.S:95)
==15926==  Address 0x4a724c6 is 6 bytes inside a block of size 1,024 alloc'd
==15926==    at 0x483C893: malloc (in /usr/lib/x86_64-linux-gnu/valgrind/vgpreload_helgrind-amd64-linux.so)
==15926==    by 0x48FED03: _IO_file_doallocate (filedoalloc.c:101)
==15926==    by 0x490EECF: _IO_doallocbuf (genops.c:347)
==15926==    by 0x490DF2F: _IO_file_overflow@@GLIBC_2.2.5 (fileops.c:745)
==15926==    by 0x490C6B4: _IO_new_file_xsputn (fileops.c:1244)
==15926==    by 0x490C6B4: _IO_file_xsputn@@GLIBC_2.2.5 (fileops.c:1197)
==15926==    by 0x48F5114: __vfprintf_internal (vfprintf-internal.c:1687)
==15926==    by 0x48DED3E: printf (printf.c:33)
==15926==    by 0x109C65: print_state (main.c:229)
==15926==    by 0x109EE5: philo_life (main.c:283)
==15926==    by 0x4842B1A: ??? (in /usr/lib/x86_64-linux-gnu/valgrind/vgpreload_helgrind-amd64-linux.so)
==15926==    by 0x4862608: start_thread (pthread_create.c:477)
==15926==    by 0x499C352: clone (clone.S:95)
==15926==  Block was alloc'd by thread #2
==15926== 
==15926== ----------------------------------------------------------------
==15926== 
==15926== Thread #5: lock order "0x4A72170 before 0x4A721E8" violated
==15926== 
==15926== Observed (incorrect) order is: acquisition of lock at 0x4A721E8
==15926==    at 0x483FEDF: ??? (in /usr/lib/x86_64-linux-gnu/valgrind/vgpreload_helgrind-amd64-linux.so)
==15926==    by 0x109EC4: philo_life (main.c:281)
==15926==    by 0x4842B1A: ??? (in /usr/lib/x86_64-linux-gnu/valgrind/vgpreload_helgrind-amd64-linux.so)
==15926==    by 0x4862608: start_thread (pthread_create.c:477)
==15926==    by 0x499C352: clone (clone.S:95)
==15926== 
==15926==  followed by a later acquisition of lock at 0x4A72170
==15926==    at 0x483FEDF: ??? (in /usr/lib/x86_64-linux-gnu/valgrind/vgpreload_helgrind-amd64-linux.so)
==15926==    by 0x109ED4: philo_life (main.c:282)
==15926==    by 0x4842B1A: ??? (in /usr/lib/x86_64-linux-gnu/valgrind/vgpreload_helgrind-amd64-linux.so)
==15926==    by 0x4862608: start_thread (pthread_create.c:477)
==15926==    by 0x499C352: clone (clone.S:95)
==15926== 
==15926==  Lock at 0x4A72170 was first observed
==15926==    at 0x483FEDF: ??? (in /usr/lib/x86_64-linux-gnu/valgrind/vgpreload_helgrind-amd64-linux.so)
==15926==    by 0x109EC4: philo_life (main.c:281)
==15926==    by 0x4842B1A: ??? (in /usr/lib/x86_64-linux-gnu/valgrind/vgpreload_helgrind-amd64-linux.so)
==15926==    by 0x4862608: start_thread (pthread_create.c:477)
==15926==    by 0x499C352: clone (clone.S:95)
==15926==  Address 0x4a72170 is 0 bytes inside a block of size 160 alloc'd
==15926==    at 0x483C893: malloc (in /usr/lib/x86_64-linux-gnu/valgrind/vgpreload_helgrind-amd64-linux.so)
==15926==    by 0x1098EA: data_init (main.c:183)
==15926==    by 0x10A249: main (main.c:365)
==15926==  Block was alloc'd by thread #1
==15926== 
==15926==  Lock at 0x4A721E8 was first observed
==15926==    at 0x483FEDF: ??? (in /usr/lib/x86_64-linux-gnu/valgrind/vgpreload_helgrind-amd64-linux.so)
==15926==    by 0x109ED4: philo_life (main.c:282)
==15926==    by 0x4842B1A: ??? (in /usr/lib/x86_64-linux-gnu/valgrind/vgpreload_helgrind-amd64-linux.so)
==15926==    by 0x4862608: start_thread (pthread_create.c:477)
==15926==    by 0x499C352: clone (clone.S:95)
==15926==  Address 0x4a721e8 is 120 bytes inside a block of size 160 alloc'd
==15926==    at 0x483C893: malloc (in /usr/lib/x86_64-linux-gnu/valgrind/vgpreload_helgrind-amd64-linux.so)
==15926==    by 0x1098EA: data_init (main.c:183)
==15926==    by 0x10A249: main (main.c:365)
==15926==  Block was alloc'd by thread #1
==15926== 
==15926== 
==15926== ---Thread-Announcement------------------------------------------
==15926== 
==15926== Thread #1 is the program's root thread
==15926== 
==15926== ----------------------------------------------------------------
==15926== 
==15926==  Lock at 0x4A720F8 was first observed
==15926==    at 0x4843D9D: pthread_mutex_init (in /usr/lib/x86_64-linux-gnu/valgrind/vgpreload_helgrind-amd64-linux.so)
==15926==    by 0x1099B0: data_init (main.c:192)
==15926==    by 0x10A249: main (main.c:365)
==15926==  Address 0x4a720f8 is 184 bytes inside a block of size 232 alloc'd
==15926==    at 0x483C893: malloc (in /usr/lib/x86_64-linux-gnu/valgrind/vgpreload_helgrind-amd64-linux.so)
==15926==    by 0x10A1EA: main (main.c:359)
==15926==  Block was alloc'd by thread #1
==15926== 
==15926==  Lock at 0x4A720A8 was first observed
==15926==    at 0x4843D9D: pthread_mutex_init (in /usr/lib/x86_64-linux-gnu/valgrind/vgpreload_helgrind-amd64-linux.so)
==15926==    by 0x109982: data_init (main.c:190)
==15926==    by 0x10A249: main (main.c:365)
==15926==  Address 0x4a720a8 is 104 bytes inside a block of size 232 alloc'd
==15926==    at 0x483C893: malloc (in /usr/lib/x86_64-linux-gnu/valgrind/vgpreload_helgrind-amd64-linux.so)
==15926==    by 0x10A1EA: main (main.c:359)
==15926==  Block was alloc'd by thread #1
==15926== 
==15926== Possible data race during read of size 1 at 0x4A72070 by thread #2
==15926== Locks held: 1, at address 0x4A720F8
==15926==    at 0x109D1B: print_state (main.c:237)
==15926==    by 0x109F76: philo_life (main.c:296)
==15926==    by 0x4842B1A: ??? (in /usr/lib/x86_64-linux-gnu/valgrind/vgpreload_helgrind-amd64-linux.so)
==15926==    by 0x4862608: start_thread (pthread_create.c:477)
==15926==    by 0x499C352: clone (clone.S:95)
==15926== 
==15926== This conflicts with a previous write of size 1 by thread #1
==15926== Locks held: 1, at address 0x4A720A8
==15926==    at 0x109363: set_boolean (main.c:36)
==15926==    by 0x10A087: check_dead (main.c:329)
==15926==    by 0x10A177: start_dinner (main.c:350)
==15926==    by 0x10A255: main (main.c:366)
==15926==  Address 0x4a72070 is 48 bytes inside a block of size 232 alloc'd
==15926==    at 0x483C893: malloc (in /usr/lib/x86_64-linux-gnu/valgrind/vgpreload_helgrind-amd64-linux.so)
==15926==    by 0x10A1EA: main (main.c:359)
==15926==  Block was alloc'd by thread #1
==15926== 
==15926== ----------------------------------------------------------------
==15926== 
==15926== Thread #3: Exiting thread still holds 1 lock
==15926==    at 0x48626C6: start_thread (exit-thread.h:33)
==15926==    by 0x499C352: clone (clone.S:95)
==15926== 
==15926== ----------------------------------------------------------------
==15926== 
==15926== Thread #5: Exiting thread still holds 1 lock
==15926==    at 0x48626C6: start_thread (exit-thread.h:33)
==15926==    by 0x499C352: clone (clone.S:95)
==15926== 
==15926== 
==15926== Process terminating with default action of signal 2 (SIGINT)
==15926==    at 0x4863CD7: __pthread_clockjoin_ex (pthread_join_common.c:145)
==15926==    by 0x483FB15: ??? (in /usr/lib/x86_64-linux-gnu/valgrind/vgpreload_helgrind-amd64-linux.so)
==15926==    by 0x10A1B3: start_dinner (main.c:353)
==15926==    by 0x10A255: main (main.c:366)
==15926== ----------------------------------------------------------------
==15926== 
==15926== Thread #4: Exiting thread still holds 1 lock
==15926==    at 0x486D170: __lll_lock_wait (lowlevellock.c:52)
==15926==    by 0x48650A2: pthread_mutex_lock (pthread_mutex_lock.c:80)
==15926==    by 0x483FE78: ??? (in /usr/lib/x86_64-linux-gnu/valgrind/vgpreload_helgrind-amd64-linux.so)
==15926==    by 0x109ED4: philo_life (main.c:282)
==15926==    by 0x4842B1A: ??? (in /usr/lib/x86_64-linux-gnu/valgrind/vgpreload_helgrind-amd64-linux.so)
==15926==    by 0x4862608: start_thread (pthread_create.c:477)
==15926==    by 0x499C352: clone (clone.S:95)
==15926== 
==15926== ----------------------------------------------------------------
==15926== 
==15926== Thread #2: Exiting thread still holds 1 lock
==15926==    at 0x486D170: __lll_lock_wait (lowlevellock.c:52)
==15926==    by 0x48650A2: pthread_mutex_lock (pthread_mutex_lock.c:80)
==15926==    by 0x483FE78: ??? (in /usr/lib/x86_64-linux-gnu/valgrind/vgpreload_helgrind-amd64-linux.so)
==15926==    by 0x109ED4: philo_life (main.c:282)
==15926==    by 0x4842B1A: ??? (in /usr/lib/x86_64-linux-gnu/valgrind/vgpreload_helgrind-amd64-linux.so)
==15926==    by 0x4862608: start_thread (pthread_create.c:477)
==15926==    by 0x499C352: clone (clone.S:95)
==15926== 
==15926== 
==15926== Use --history-level=approx or =none to gain increased speed, at
==15926== the cost of reduced accuracy of conflicting-access information
==15926== For lists of detected and suppressed errors, rerun with: -s
==15926== ERROR SUMMARY: 319 errors from 10 contexts (suppressed: 65602 from 205)
